<?xml version="1.0" encoding="UTF-8"?>
<!-- Generated by org.testng.reporters.JUnitReportReporter -->
<testsuite hostname="DESKTOP-FKCKRSR" failures="0" tests="2" name="com.selenium.keyworddriven.FixedDeposit_Test" time="81.606" errors="0" timestamp="2021-11-14T11:41:39 IST" skipped="0">
  <testcase classname="com.selenium.keyworddriven.FixedDeposit_Test" name="FixedDeposit_10000" time="69.872"/>
  <system-out/>
  <testcase classname="com.selenium.keyworddriven.FixedDeposit_Test" name="FixedDeposit_20000" time="11.734"/>
  <system-out/>
</testsuite> <!-- com.selenium.keyworddriven.FixedDeposit_Test -->
