<?xml version="1.0" encoding="UTF-8"?>
<!-- Generated by org.testng.reporters.JUnitReportReporter -->
<testsuite hostname="DESKTOP-FKCKRSR" failures="0" tests="1" name="com.selenium.datadriven.FD_cal" time="42.540" errors="0" timestamp="2021-11-20T11:45:10 IST" skipped="0">
  <testcase classname="com.selenium.datadriven.FD_cal" name="FixedDeposit_DataDriven" time="42.540"/>
  <system-out/>
</testsuite> <!-- com.selenium.datadriven.FD_cal -->
