<?xml version="1.0" encoding="UTF-8"?>
<!-- Generated by org.testng.reporters.JUnitReportReporter -->
<testsuite hostname="DESKTOP-5F0Q0QT" failures="0" tests="1" name="com.selenium.webobject.Code_For_navigate_4" time="25.010" errors="0" timestamp="2021-10-30T10:29:27 IST" skipped="0">
  <testcase classname="com.selenium.webobject.Code_For_navigate_4" name="Code_For_navigate" time="25.010"/>
  <system-out/>
</testsuite> <!-- com.selenium.webobject.Code_For_navigate_4 -->
