<?xml version="1.0" encoding="UTF-8"?>
<!-- Generated by org.testng.reporters.JUnitReportReporter -->
<testsuite hostname="DESKTOP-5F0Q0QT" failures="0" tests="3" name="com.selenium.testng.MutualFundLoginTestCase" time="25.748" errors="0" timestamp="2021-11-14T10:07:38 IST" skipped="1">
  <testcase classname="com.selenium.testng.MutualFundLoginTestCase" name="loginAdmin" time="15.430"/>
  <system-out/>
  <testcase classname="com.selenium.testng.MutualFundLoginTestCase" name="loginSpeed" time="10.318"/>
  <system-out/>
  <testcase classname="com.selenium.testng.MutualFundLoginTestCase" name="loginTestUser">
    <skipped/>
  </testcase> <!-- loginTestUser -->
  <system-out/>
</testsuite> <!-- com.selenium.testng.MutualFundLoginTestCase -->
