<?xml version="1.0" encoding="UTF-8"?>
<!-- Generated by org.testng.reporters.JUnitReportReporter -->
<testsuite hostname="DESKTOP-FKCKRSR" failures="0" tests="3" name="com.selenium.keyworddriven.BlazeDemo_Test" time="9.003" errors="0" timestamp="2021-11-14T11:41:39 IST" skipped="0">
  <testcase classname="com.selenium.keyworddriven.BlazeDemo_Test" name="Blazedemo_flight" time="3.171"/>
  <system-out/>
  <testcase classname="com.selenium.keyworddriven.BlazeDemo_Test" name="Blazedemo_flight_Info" time="2.882"/>
  <system-out/>
  <testcase classname="com.selenium.keyworddriven.BlazeDemo_Test" name="Blazedemo_userInfo" time="2.950"/>
  <system-out/>
</testsuite> <!-- com.selenium.keyworddriven.BlazeDemo_Test -->
