<?xml version="1.0" encoding="UTF-8"?>
<!-- Generated by org.testng.reporters.JUnitReportReporter -->
<testsuite hostname="DESKTOP-5F0Q0QT" failures="0" tests="1" name="com.selenium.testng.OrangeHRMLoginTestCase" time="20.702" errors="0" timestamp="2021-11-14T10:07:38 IST" skipped="0">
  <testcase classname="com.selenium.testng.OrangeHRMLoginTestCase" name="loginAdmin" time="20.702"/>
  <system-out/>
</testsuite> <!-- com.selenium.testng.OrangeHRMLoginTestCase -->
